c:\ddgit\client2\blocksnativeplugin\libassimp\assimp\x64\release\aseparser.obj
c:\ddgit\client2\blocksnativeplugin\libassimp\assimp\x64\release\blendermodifier.obj
c:\ddgit\client2\blocksnativeplugin\libassimp\assimp\x64\release\converttolhprocess.obj
c:\ddgit\client2\blocksnativeplugin\libassimp\assimp\x64\release\fbxanimation.obj
c:\ddgit\client2\blocksnativeplugin\libassimp\assimp\x64\release\fbxproperties.obj
c:\ddgit\client2\blocksnativeplugin\libassimp\assimp\x64\release\ifcmaterial.obj
c:\ddgit\client2\blocksnativeplugin\libassimp\assimp\x64\release\ifcreadergen2.obj
c:\ddgit\client2\blocksnativeplugin\libassimp\assimp\x64\release\improvecachelocality.obj
c:\ddgit\client2\blocksnativeplugin\libassimp\assimp\x64\release\lwoloader.obj
c:\ddgit\client2\blocksnativeplugin\libassimp\assimp\x64\release\ndoloader.obj
c:\ddgit\client2\blocksnativeplugin\libassimp\assimp\x64\release\ogrestructs.obj
c:\ddgit\client2\blocksnativeplugin\libassimp\assimp\x64\release\scenecombiner.obj
c:\ddgit\client2\blocksnativeplugin\libassimp\assimp\x64\release\stlexporter.obj
c:\ddgit\client2\blocksnativeplugin\libassimp\assimp\x64\release\x3dexporter.obj
c:\ddgit\client2\blocksnativeplugin\libassimp\assimp\x64\release\x3dvocabulary.obj
c:\ddgit\client2\blocksnativeplugin\libassimp\assimp\x64\release\openddlexport.obj
c:\ddgit\client2\blocksnativeplugin\libassimp\assimp\x64\release\3dsexporter.obj
c:\ddgit\client2\blocksnativeplugin\libassimp\assimp\x64\release\blenderdna.obj
c:\ddgit\client2\blocksnativeplugin\libassimp\assimp\x64\release\colladaparser.obj
c:\ddgit\client2\blocksnativeplugin\libassimp\assimp\x64\release\fbxnodeattribute.obj
c:\ddgit\client2\blocksnativeplugin\libassimp\assimp\x64\release\gltfimporter.obj
c:\ddgit\client2\blocksnativeplugin\libassimp\assimp\x64\release\md5parser.obj
c:\ddgit\client2\blocksnativeplugin\libassimp\assimp\x64\release\offloader.obj
c:\ddgit\client2\blocksnativeplugin\libassimp\assimp\x64\release\optimizemeshes.obj
c:\ddgit\client2\blocksnativeplugin\libassimp\assimp\x64\release\q3bspziparchive.obj
c:\ddgit\client2\blocksnativeplugin\libassimp\assimp\x64\release\skeletonmeshbuilder.obj
c:\ddgit\client2\blocksnativeplugin\libassimp\assimp\x64\release\stlloader.obj
c:\ddgit\client2\blocksnativeplugin\libassimp\assimp\x64\release\vertextriangleadjacency.obj
c:\ddgit\client2\blocksnativeplugin\libassimp\assimp\x64\release\x3dimporter_shape.obj
c:\ddgit\client2\blocksnativeplugin\libassimp\assimp\x64\release\openddlstream.obj
c:\ddgit\client2\blocksnativeplugin\libassimp\assimp\x64\release\amfimporter_postprocess.obj
c:\ddgit\client2\blocksnativeplugin\libassimp\assimp\x64\release\blenderloader.obj
c:\ddgit\client2\blocksnativeplugin\libassimp\assimp\x64\release\deboneprocess.obj
c:\ddgit\client2\blocksnativeplugin\libassimp\assimp\x64\release\fbximporter.obj
c:\ddgit\client2\blocksnativeplugin\libassimp\assimp\x64\release\findinstancesprocess.obj
c:\ddgit\client2\blocksnativeplugin\libassimp\assimp\x64\release\ifcgeometry.obj
c:\ddgit\client2\blocksnativeplugin\libassimp\assimp\x64\release\ifcprofile.obj
c:\ddgit\client2\blocksnativeplugin\libassimp\assimp\x64\release\importer.obj
c:\ddgit\client2\blocksnativeplugin\libassimp\assimp\x64\release\md3loader.obj
c:\ddgit\client2\blocksnativeplugin\libassimp\assimp\x64\release\objfileimporter.obj
c:\ddgit\client2\blocksnativeplugin\libassimp\assimp\x64\release\plyloader.obj
c:\ddgit\client2\blocksnativeplugin\libassimp\assimp\x64\release\q3dloader.obj
c:\ddgit\client2\blocksnativeplugin\libassimp\assimp\x64\release\spatialsort.obj
c:\ddgit\client2\blocksnativeplugin\libassimp\assimp\x64\release\subdivision.obj
c:\ddgit\client2\blocksnativeplugin\libassimp\assimp\x64\release\x3dimporter_networking.obj
c:\ddgit\client2\blocksnativeplugin\libassimp\assimp\x64\release\ddlnode.obj
c:\ddgit\client2\blocksnativeplugin\libassimp\assimp\x64\release\3dsloader.obj
c:\ddgit\client2\blocksnativeplugin\libassimp\assimp\x64\release\bitmap.obj
c:\ddgit\client2\blocksnativeplugin\libassimp\assimp\x64\release\bvhloader.obj
c:\ddgit\client2\blocksnativeplugin\libassimp\assimp\x64\release\d3mfimporter.obj
c:\ddgit\client2\blocksnativeplugin\libassimp\assimp\x64\release\fbxconverter.obj
c:\ddgit\client2\blocksnativeplugin\libassimp\assimp\x64\release\ifcloader.obj
c:\ddgit\client2\blocksnativeplugin\libassimp\assimp\x64\release\ifcreadergen1.obj
c:\ddgit\client2\blocksnativeplugin\libassimp\assimp\x64\release\importerregistry.obj
c:\ddgit\client2\blocksnativeplugin\libassimp\assimp\x64\release\rawloader.obj
c:\ddgit\client2\blocksnativeplugin\libassimp\assimp\x64\release\sortbyptypeprocess.obj
c:\ddgit\client2\blocksnativeplugin\libassimp\assimp\x64\release\triangulateprocess.obj
c:\ddgit\client2\blocksnativeplugin\libassimp\assimp\x64\release\x3dimporter_metadata.obj
c:\ddgit\client2\blocksnativeplugin\libassimp\assimp\x64\release\clipper.obj
c:\ddgit\client2\blocksnativeplugin\libassimp\assimp\x64\release\amfimporter_geometry.obj
c:\ddgit\client2\blocksnativeplugin\libassimp\assimp\x64\release\assimpcexport.obj
c:\ddgit\client2\blocksnativeplugin\libassimp\assimp\x64\release\blendertessellator.obj
c:\ddgit\client2\blocksnativeplugin\libassimp\assimp\x64\release\d3mfopcpackage.obj
c:\ddgit\client2\blocksnativeplugin\libassimp\assimp\x64\release\fbxdocument.obj
c:\ddgit\client2\blocksnativeplugin\libassimp\assimp\x64\release\findinvaliddataprocess.obj
c:\ddgit\client2\blocksnativeplugin\libassimp\assimp\x64\release\irrmeshloader.obj
c:\ddgit\client2\blocksnativeplugin\libassimp\assimp\x64\release\lwsloader.obj
c:\ddgit\client2\blocksnativeplugin\libassimp\assimp\x64\release\nffloader.obj
c:\ddgit\client2\blocksnativeplugin\libassimp\assimp\x64\release\ogrexmlserializer.obj
c:\ddgit\client2\blocksnativeplugin\libassimp\assimp\x64\release\scene.obj
c:\ddgit\client2\blocksnativeplugin\libassimp\assimp\x64\release\standardshapes.obj
c:\ddgit\client2\blocksnativeplugin\libassimp\assimp\x64\release\targetanimation.obj
c:\ddgit\client2\blocksnativeplugin\libassimp\assimp\x64\release\x3dimporter.obj
c:\ddgit\client2\blocksnativeplugin\libassimp\assimp\x64\release\openddlcommon.obj
c:\ddgit\client2\blocksnativeplugin\libassimp\assimp\x64\release\3dsconverter.obj
c:\ddgit\client2\blocksnativeplugin\libassimp\assimp\x64\release\baseprocess.obj
c:\ddgit\client2\blocksnativeplugin\libassimp\assimp\x64\release\cobloader.obj
c:\ddgit\client2\blocksnativeplugin\libassimp\assimp\x64\release\defaultiostream.obj
c:\ddgit\client2\blocksnativeplugin\libassimp\assimp\x64\release\fbxdeformer.obj
c:\ddgit\client2\blocksnativeplugin\libassimp\assimp\x64\release\fbxutil.obj
c:\ddgit\client2\blocksnativeplugin\libassimp\assimp\x64\release\genvertexnormalsprocess.obj
c:\ddgit\client2\blocksnativeplugin\libassimp\assimp\x64\release\limitboneweightsprocess.obj
c:\ddgit\client2\blocksnativeplugin\libassimp\assimp\x64\release\materialsystem.obj
c:\ddgit\client2\blocksnativeplugin\libassimp\assimp\x64\release\mmdimporter.obj
c:\ddgit\client2\blocksnativeplugin\libassimp\assimp\x64\release\plyexporter.obj
c:\ddgit\client2\blocksnativeplugin\libassimp\assimp\x64\release\q3bspfileparser.obj
c:\ddgit\client2\blocksnativeplugin\libassimp\assimp\x64\release\smdloader.obj
c:\ddgit\client2\blocksnativeplugin\libassimp\assimp\x64\release\terragenloader.obj
c:\ddgit\client2\blocksnativeplugin\libassimp\assimp\x64\release\x3dimporter_geometry3d.obj
c:\ddgit\client2\blocksnativeplugin\libassimp\assimp\x64\release\xglloader.obj
c:\ddgit\client2\blocksnativeplugin\libassimp\assimp\x64\release\amfimporter.obj
c:\ddgit\client2\blocksnativeplugin\libassimp\assimp\x64\release\baseimporter.obj
c:\ddgit\client2\blocksnativeplugin\libassimp\assimp\x64\release\colladaloader.obj
c:\ddgit\client2\blocksnativeplugin\libassimp\assimp\x64\release\fbxmeshgeometry.obj
c:\ddgit\client2\blocksnativeplugin\libassimp\assimp\x64\release\hmploader.obj
c:\ddgit\client2\blocksnativeplugin\libassimp\assimp\x64\release\lwoanimation.obj
c:\ddgit\client2\blocksnativeplugin\libassimp\assimp\x64\release\md5loader.obj
c:\ddgit\client2\blocksnativeplugin\libassimp\assimp\x64\release\objfilemtlimporter.obj
c:\ddgit\client2\blocksnativeplugin\libassimp\assimp\x64\release\optimizegraph.obj
c:\ddgit\client2\blocksnativeplugin\libassimp\assimp\x64\release\removecomments.obj
c:\ddgit\client2\blocksnativeplugin\libassimp\assimp\x64\release\sibimporter.obj
c:\ddgit\client2\blocksnativeplugin\libassimp\assimp\x64\release\texturetransform.obj
c:\ddgit\client2\blocksnativeplugin\libassimp\assimp\x64\release\x3dimporter_light.obj
c:\ddgit\client2\blocksnativeplugin\libassimp\assimp\x64\release\xfileparser.obj
c:\ddgit\client2\blocksnativeplugin\libassimp\assimp\x64\release\assbinexporter.obj
c:\ddgit\client2\blocksnativeplugin\libassimp\assimp\x64\release\b3dimporter.obj
c:\ddgit\client2\blocksnativeplugin\libassimp\assimp\x64\release\colladaexporter.obj
c:\ddgit\client2\blocksnativeplugin\libassimp\assimp\x64\release\defaultiosystem.obj
c:\ddgit\client2\blocksnativeplugin\libassimp\assimp\x64\release\fbxdocumentutil.obj
c:\ddgit\client2\blocksnativeplugin\libassimp\assimp\x64\release\finddegenerates.obj
c:\ddgit\client2\blocksnativeplugin\libassimp\assimp\x64\release\ifcboolean.obj
c:\ddgit\client2\blocksnativeplugin\libassimp\assimp\x64\release\ifccurve.obj
c:\ddgit\client2\blocksnativeplugin\libassimp\assimp\x64\release\ifcopenings.obj
c:\ddgit\client2\blocksnativeplugin\libassimp\assimp\x64\release\ifcutil.obj
c:\ddgit\client2\blocksnativeplugin\libassimp\assimp\x64\release\irrloader.obj
c:\ddgit\client2\blocksnativeplugin\libassimp\assimp\x64\release\md2loader.obj
c:\ddgit\client2\blocksnativeplugin\libassimp\assimp\x64\release\ms3dloader.obj
c:\ddgit\client2\blocksnativeplugin\libassimp\assimp\x64\release\ogrematerial.obj
c:\ddgit\client2\blocksnativeplugin\libassimp\assimp\x64\release\q3bspfileimporter.obj
c:\ddgit\client2\blocksnativeplugin\libassimp\assimp\x64\release\splitbybonecountprocess.obj
c:\ddgit\client2\blocksnativeplugin\libassimp\assimp\x64\release\validatedatastructure.obj
c:\ddgit\client2\blocksnativeplugin\libassimp\assimp\x64\release\x3dimporter_rendering.obj
c:\ddgit\client2\blocksnativeplugin\libassimp\assimp\x64\release\openddlparser.obj
c:\ddgit\client2\blocksnativeplugin\libassimp\assimp\x64\release\aseloader.obj
c:\ddgit\client2\blocksnativeplugin\libassimp\assimp\x64\release\blenderscene.obj
c:\ddgit\client2\blocksnativeplugin\libassimp\assimp\x64\release\dxfloader.obj
c:\ddgit\client2\blocksnativeplugin\libassimp\assimp\x64\release\fbxmodel.obj
c:\ddgit\client2\blocksnativeplugin\libassimp\assimp\x64\release\gltfexporter.obj
c:\ddgit\client2\blocksnativeplugin\libassimp\assimp\x64\release\mmdpmxparser.obj
c:\ddgit\client2\blocksnativeplugin\libassimp\assimp\x64\release\ogreimporter.obj
c:\ddgit\client2\blocksnativeplugin\libassimp\assimp\x64\release\pretransformvertices.obj
c:\ddgit\client2\blocksnativeplugin\libassimp\assimp\x64\release\scenepreprocessor.obj
c:\ddgit\client2\blocksnativeplugin\libassimp\assimp\x64\release\stepexporter.obj
c:\ddgit\client2\blocksnativeplugin\libassimp\assimp\x64\release\x3dimporter_geometry2d.obj
c:\ddgit\client2\blocksnativeplugin\libassimp\assimp\x64\release\xfileexporter.obj
c:\ddgit\client2\blocksnativeplugin\libassimp\assimp\x64\release\acloader.obj
c:\ddgit\client2\blocksnativeplugin\libassimp\assimp\x64\release\blenderbmesh.obj
c:\ddgit\client2\blocksnativeplugin\libassimp\assimp\x64\release\createanimmesh.obj
c:\ddgit\client2\blocksnativeplugin\libassimp\assimp\x64\release\defaultlogger.obj
c:\ddgit\client2\blocksnativeplugin\libassimp\assimp\x64\release\fbxtokenizer.obj
c:\ddgit\client2\blocksnativeplugin\libassimp\assimp\x64\release\fireader.obj
c:\ddgit\client2\blocksnativeplugin\libassimp\assimp\x64\release\lwobloader.obj
c:\ddgit\client2\blocksnativeplugin\libassimp\assimp\x64\release\mdcloader.obj
c:\ddgit\client2\blocksnativeplugin\libassimp\assimp\x64\release\objexporter.obj
c:\ddgit\client2\blocksnativeplugin\libassimp\assimp\x64\release\plyparser.obj
c:\ddgit\client2\blocksnativeplugin\libassimp\assimp\x64\release\removeredundantmaterials.obj
c:\ddgit\client2\blocksnativeplugin\libassimp\assimp\x64\release\splitlargemeshes.obj
c:\ddgit\client2\blocksnativeplugin\libassimp\assimp\x64\release\version.obj
c:\ddgit\client2\blocksnativeplugin\libassimp\assimp\x64\release\x3dimporter_group.obj
c:\ddgit\client2\blocksnativeplugin\libassimp\assimp\x64\release\xfileimporter.obj
c:\ddgit\client2\blocksnativeplugin\libassimp\assimp\x64\release\amfimporter_material.obj
c:\ddgit\client2\blocksnativeplugin\libassimp\assimp\x64\release\assxmlexporter.obj
c:\ddgit\client2\blocksnativeplugin\libassimp\assimp\x64\release\c4dimporter.obj
c:\ddgit\client2\blocksnativeplugin\libassimp\assimp\x64\release\cinterfaceiowrapper.obj
c:\ddgit\client2\blocksnativeplugin\libassimp\assimp\x64\release\computeuvmappingprocess.obj
c:\ddgit\client2\blocksnativeplugin\libassimp\assimp\x64\release\exporter.obj
c:\ddgit\client2\blocksnativeplugin\libassimp\assimp\x64\release\fbxparser.obj
c:\ddgit\client2\blocksnativeplugin\libassimp\assimp\x64\release\genfacenormalsprocess.obj
c:\ddgit\client2\blocksnativeplugin\libassimp\assimp\x64\release\joinverticesprocess.obj
c:\ddgit\client2\blocksnativeplugin\libassimp\assimp\x64\release\makeverboseformat.obj
c:\ddgit\client2\blocksnativeplugin\libassimp\assimp\x64\release\mdlmaterialloader.obj
c:\ddgit\client2\blocksnativeplugin\libassimp\assimp\x64\release\objfileparser.obj
c:\ddgit\client2\blocksnativeplugin\libassimp\assimp\x64\release\poststepregistry.obj
c:\ddgit\client2\blocksnativeplugin\libassimp\assimp\x64\release\removevcprocess.obj
c:\ddgit\client2\blocksnativeplugin\libassimp\assimp\x64\release\stepfileencoding.obj
c:\ddgit\client2\blocksnativeplugin\libassimp\assimp\x64\release\unrealloader.obj
c:\ddgit\client2\blocksnativeplugin\libassimp\assimp\x64\release\x3dimporter_postprocess.obj
c:\ddgit\client2\blocksnativeplugin\libassimp\assimp\x64\release\value.obj
c:\ddgit\client2\blocksnativeplugin\libassimp\assimp\x64\release\assbinloader.obj
c:\ddgit\client2\blocksnativeplugin\libassimp\assimp\x64\release\assimp.obj
c:\ddgit\client2\blocksnativeplugin\libassimp\assimp\x64\release\calctangentsprocess.obj
c:\ddgit\client2\blocksnativeplugin\libassimp\assimp\x64\release\csmloader.obj
c:\ddgit\client2\blocksnativeplugin\libassimp\assimp\x64\release\fbxbinarytokenizer.obj
c:\ddgit\client2\blocksnativeplugin\libassimp\assimp\x64\release\fbxmaterial.obj
c:\ddgit\client2\blocksnativeplugin\libassimp\assimp\x64\release\fixnormalsstep.obj
c:\ddgit\client2\blocksnativeplugin\libassimp\assimp\x64\release\irrshared.obj
c:\ddgit\client2\blocksnativeplugin\libassimp\assimp\x64\release\lwomaterial.obj
c:\ddgit\client2\blocksnativeplugin\libassimp\assimp\x64\release\mdlloader.obj
c:\ddgit\client2\blocksnativeplugin\libassimp\assimp\x64\release\ogrebinaryserializer.obj
c:\ddgit\client2\blocksnativeplugin\libassimp\assimp\x64\release\processhelper.obj
c:\ddgit\client2\blocksnativeplugin\libassimp\assimp\x64\release\sgspatialsort.obj
c:\ddgit\client2\blocksnativeplugin\libassimp\assimp\x64\release\stepfilereader.obj
c:\ddgit\client2\blocksnativeplugin\libassimp\assimp\x64\release\x3dimporter_texturing.obj
c:\ddgit\client2\blocksnativeplugin\libassimp\assimp\x64\release\assimp.pdb
c:\ddgit\client2\blocksnativeplugin\libassimp\assimp\x64\release\unzip.obj
c:\ddgit\client2\blocksnativeplugin\libassimp\assimp\x64\release\ioapi.obj
c:\ddgit\client2\blocksnativeplugin\libassimp\x64\release\assimp.lib
c:\ddgit\client2\blocksnativeplugin\libassimp\assimp\x64\release\assimp.tlog\cl.command.1.tlog
c:\ddgit\client2\blocksnativeplugin\libassimp\assimp\x64\release\assimp.tlog\cl.read.1.tlog
c:\ddgit\client2\blocksnativeplugin\libassimp\assimp\x64\release\assimp.tlog\cl.write.1.tlog
c:\ddgit\client2\blocksnativeplugin\libassimp\assimp\x64\release\assimp.tlog\lib-link.read.1.tlog
c:\ddgit\client2\blocksnativeplugin\libassimp\assimp\x64\release\assimp.tlog\lib-link.write.1.tlog
c:\ddgit\client2\blocksnativeplugin\libassimp\assimp\x64\release\assimp.tlog\lib.command.1.tlog
