c:\peltzer\google3\apps\peltzer\client\unitynativepluginassimp\libassimp\libassimp\x64\debug\vc140.pdb
c:\peltzer\google3\apps\peltzer\client\unitynativepluginassimp\libassimp\libassimp\x64\debug\vc140.idb
c:\peltzer\google3\apps\peltzer\client\unitynativepluginassimp\libassimp\libassimp\x64\debug\version.obj
c:\peltzer\google3\apps\peltzer\client\unitynativepluginassimp\libassimp\libassimp\x64\debug\vertextriangleadjacency.obj
c:\peltzer\google3\apps\peltzer\client\unitynativepluginassimp\libassimp\libassimp\x64\debug\x3dexporter.obj
c:\peltzer\google3\apps\peltzer\client\unitynativepluginassimp\libassimp\libassimp\x64\debug\x3dimporter.obj
c:\peltzer\google3\apps\peltzer\client\unitynativepluginassimp\libassimp\libassimp\x64\debug\x3dimporter_geometry2d.obj
c:\peltzer\google3\apps\peltzer\client\unitynativepluginassimp\libassimp\libassimp\x64\debug\x3dimporter_geometry3d.obj
c:\peltzer\google3\apps\peltzer\client\unitynativepluginassimp\libassimp\libassimp\x64\debug\x3dimporter_group.obj
c:\peltzer\google3\apps\peltzer\client\unitynativepluginassimp\libassimp\libassimp\x64\debug\x3dimporter_light.obj
c:\peltzer\google3\apps\peltzer\client\unitynativepluginassimp\libassimp\libassimp\x64\debug\x3dimporter_metadata.obj
c:\peltzer\google3\apps\peltzer\client\unitynativepluginassimp\libassimp\libassimp\x64\debug\x3dimporter_networking.obj
c:\peltzer\google3\apps\peltzer\client\unitynativepluginassimp\libassimp\libassimp\x64\debug\x3dimporter_postprocess.obj
c:\peltzer\google3\apps\peltzer\client\unitynativepluginassimp\libassimp\libassimp\x64\debug\x3dimporter_rendering.obj
c:\peltzer\google3\apps\peltzer\client\unitynativepluginassimp\libassimp\libassimp\x64\debug\x3dimporter_shape.obj
c:\peltzer\google3\apps\peltzer\client\unitynativepluginassimp\libassimp\libassimp\x64\debug\x3dimporter_texturing.obj
c:\peltzer\google3\apps\peltzer\client\unitynativepluginassimp\libassimp\libassimp\x64\debug\x3dvocabulary.obj
c:\peltzer\google3\apps\peltzer\client\unitynativepluginassimp\libassimp\libassimp\x64\debug\xfileexporter.obj
c:\peltzer\google3\apps\peltzer\client\unitynativepluginassimp\libassimp\libassimp\x64\debug\xfileimporter.obj
c:\peltzer\google3\apps\peltzer\client\unitynativepluginassimp\libassimp\libassimp\x64\debug\xfileparser.obj
c:\peltzer\google3\apps\peltzer\client\unitynativepluginassimp\libassimp\libassimp\x64\debug\xglloader.obj
c:\peltzer\google3\apps\peltzer\client\unitynativepluginassimp\libassimp\libassimp\x64\debug\testdllsort.obj
c:\peltzer\google3\apps\peltzer\client\unitynativepluginassimp\libassimp\libassimp\x64\debug\sibimporter.obj
c:\peltzer\google3\apps\peltzer\client\unitynativepluginassimp\libassimp\libassimp\x64\debug\skeletonmeshbuilder.obj
c:\peltzer\google3\apps\peltzer\client\unitynativepluginassimp\libassimp\libassimp\x64\debug\smdloader.obj
c:\peltzer\google3\apps\peltzer\client\unitynativepluginassimp\libassimp\libassimp\x64\debug\sortbyptypeprocess.obj
c:\peltzer\google3\apps\peltzer\client\unitynativepluginassimp\libassimp\libassimp\x64\debug\spatialsort.obj
c:\peltzer\google3\apps\peltzer\client\unitynativepluginassimp\libassimp\libassimp\x64\debug\splitbybonecountprocess.obj
c:\peltzer\google3\apps\peltzer\client\unitynativepluginassimp\libassimp\libassimp\x64\debug\splitlargemeshes.obj
c:\peltzer\google3\apps\peltzer\client\unitynativepluginassimp\libassimp\libassimp\x64\debug\standardshapes.obj
c:\peltzer\google3\apps\peltzer\client\unitynativepluginassimp\libassimp\libassimp\x64\debug\stepexporter.obj
c:\peltzer\google3\apps\peltzer\client\unitynativepluginassimp\libassimp\libassimp\x64\debug\stepfileencoding.obj
c:\peltzer\google3\apps\peltzer\client\unitynativepluginassimp\libassimp\libassimp\x64\debug\stepfilereader.obj
c:\peltzer\google3\apps\peltzer\client\unitynativepluginassimp\libassimp\libassimp\x64\debug\stlexporter.obj
c:\peltzer\google3\apps\peltzer\client\unitynativepluginassimp\libassimp\libassimp\x64\debug\stlloader.obj
c:\peltzer\google3\apps\peltzer\client\unitynativepluginassimp\libassimp\libassimp\x64\debug\subdivision.obj
c:\peltzer\google3\apps\peltzer\client\unitynativepluginassimp\libassimp\libassimp\x64\debug\targetanimation.obj
c:\peltzer\google3\apps\peltzer\client\unitynativepluginassimp\libassimp\libassimp\x64\debug\terragenloader.obj
c:\peltzer\google3\apps\peltzer\client\unitynativepluginassimp\libassimp\libassimp\x64\debug\texturetransform.obj
c:\peltzer\google3\apps\peltzer\client\unitynativepluginassimp\libassimp\libassimp\x64\debug\triangulateprocess.obj
c:\peltzer\google3\apps\peltzer\client\unitynativepluginassimp\libassimp\libassimp\x64\debug\unrealloader.obj
c:\peltzer\google3\apps\peltzer\client\unitynativepluginassimp\libassimp\libassimp\x64\debug\validatedatastructure.obj
c:\peltzer\google3\apps\peltzer\client\unitynativepluginassimp\libassimp\libassimp\x64\debug\optimizegraph.obj
c:\peltzer\google3\apps\peltzer\client\unitynativepluginassimp\libassimp\libassimp\x64\debug\optimizemeshes.obj
c:\peltzer\google3\apps\peltzer\client\unitynativepluginassimp\libassimp\libassimp\x64\debug\plyexporter.obj
c:\peltzer\google3\apps\peltzer\client\unitynativepluginassimp\libassimp\libassimp\x64\debug\plyloader.obj
c:\peltzer\google3\apps\peltzer\client\unitynativepluginassimp\libassimp\libassimp\x64\debug\plyparser.obj
c:\peltzer\google3\apps\peltzer\client\unitynativepluginassimp\libassimp\libassimp\x64\debug\poststepregistry.obj
c:\peltzer\google3\apps\peltzer\client\unitynativepluginassimp\libassimp\libassimp\x64\debug\pretransformvertices.obj
c:\peltzer\google3\apps\peltzer\client\unitynativepluginassimp\libassimp\libassimp\x64\debug\processhelper.obj
c:\peltzer\google3\apps\peltzer\client\unitynativepluginassimp\libassimp\libassimp\x64\debug\q3bspfileimporter.obj
c:\peltzer\google3\apps\peltzer\client\unitynativepluginassimp\libassimp\libassimp\x64\debug\q3bspfileparser.obj
c:\peltzer\google3\apps\peltzer\client\unitynativepluginassimp\libassimp\libassimp\x64\debug\q3bspziparchive.obj
c:\peltzer\google3\apps\peltzer\client\unitynativepluginassimp\libassimp\libassimp\x64\debug\q3dloader.obj
c:\peltzer\google3\apps\peltzer\client\unitynativepluginassimp\libassimp\libassimp\x64\debug\rawloader.obj
c:\peltzer\google3\apps\peltzer\client\unitynativepluginassimp\libassimp\libassimp\x64\debug\removecomments.obj
c:\peltzer\google3\apps\peltzer\client\unitynativepluginassimp\libassimp\libassimp\x64\debug\removeredundantmaterials.obj
c:\peltzer\google3\apps\peltzer\client\unitynativepluginassimp\libassimp\libassimp\x64\debug\removevcprocess.obj
c:\peltzer\google3\apps\peltzer\client\unitynativepluginassimp\libassimp\libassimp\x64\debug\scene.obj
c:\peltzer\google3\apps\peltzer\client\unitynativepluginassimp\libassimp\libassimp\x64\debug\scenecombiner.obj
c:\peltzer\google3\apps\peltzer\client\unitynativepluginassimp\libassimp\libassimp\x64\debug\scenepreprocessor.obj
c:\peltzer\google3\apps\peltzer\client\unitynativepluginassimp\libassimp\libassimp\x64\debug\sgspatialsort.obj
c:\peltzer\google3\apps\peltzer\client\unitynativepluginassimp\libassimp\libassimp\x64\debug\mdcloader.obj
c:\peltzer\google3\apps\peltzer\client\unitynativepluginassimp\libassimp\libassimp\x64\debug\mdlloader.obj
c:\peltzer\google3\apps\peltzer\client\unitynativepluginassimp\libassimp\libassimp\x64\debug\mdlmaterialloader.obj
c:\peltzer\google3\apps\peltzer\client\unitynativepluginassimp\libassimp\libassimp\x64\debug\mmdimporter.obj
c:\peltzer\google3\apps\peltzer\client\unitynativepluginassimp\libassimp\libassimp\x64\debug\mmdpmxparser.obj
c:\peltzer\google3\apps\peltzer\client\unitynativepluginassimp\libassimp\libassimp\x64\debug\ms3dloader.obj
c:\peltzer\google3\apps\peltzer\client\unitynativepluginassimp\libassimp\libassimp\x64\debug\ndoloader.obj
c:\peltzer\google3\apps\peltzer\client\unitynativepluginassimp\libassimp\libassimp\x64\debug\nffloader.obj
c:\peltzer\google3\apps\peltzer\client\unitynativepluginassimp\libassimp\libassimp\x64\debug\objexporter.obj
c:\peltzer\google3\apps\peltzer\client\unitynativepluginassimp\libassimp\libassimp\x64\debug\objfileimporter.obj
c:\peltzer\google3\apps\peltzer\client\unitynativepluginassimp\libassimp\libassimp\x64\debug\objfilemtlimporter.obj
c:\peltzer\google3\apps\peltzer\client\unitynativepluginassimp\libassimp\libassimp\x64\debug\objfileparser.obj
c:\peltzer\google3\apps\peltzer\client\unitynativepluginassimp\libassimp\libassimp\x64\debug\offloader.obj
c:\peltzer\google3\apps\peltzer\client\unitynativepluginassimp\libassimp\libassimp\x64\debug\ogrebinaryserializer.obj
c:\peltzer\google3\apps\peltzer\client\unitynativepluginassimp\libassimp\libassimp\x64\debug\ogreimporter.obj
c:\peltzer\google3\apps\peltzer\client\unitynativepluginassimp\libassimp\libassimp\x64\debug\ogrematerial.obj
c:\peltzer\google3\apps\peltzer\client\unitynativepluginassimp\libassimp\libassimp\x64\debug\ogrestructs.obj
c:\peltzer\google3\apps\peltzer\client\unitynativepluginassimp\libassimp\libassimp\x64\debug\ogrexmlserializer.obj
c:\peltzer\google3\apps\peltzer\client\unitynativepluginassimp\libassimp\libassimp\x64\debug\opengexexporter.obj
c:\peltzer\google3\apps\peltzer\client\unitynativepluginassimp\libassimp\libassimp\x64\debug\opengeximporter.obj
c:\peltzer\google3\apps\peltzer\client\unitynativepluginassimp\libassimp\libassimp\x64\debug\ifcutil.obj
c:\peltzer\google3\apps\peltzer\client\unitynativepluginassimp\libassimp\libassimp\x64\debug\importer.obj
c:\peltzer\google3\apps\peltzer\client\unitynativepluginassimp\libassimp\libassimp\x64\debug\importerregistry.obj
c:\peltzer\google3\apps\peltzer\client\unitynativepluginassimp\libassimp\libassimp\x64\debug\improvecachelocality.obj
c:\peltzer\google3\apps\peltzer\client\unitynativepluginassimp\libassimp\libassimp\x64\debug\irrloader.obj
c:\peltzer\google3\apps\peltzer\client\unitynativepluginassimp\libassimp\libassimp\x64\debug\irrmeshloader.obj
c:\peltzer\google3\apps\peltzer\client\unitynativepluginassimp\libassimp\libassimp\x64\debug\irrshared.obj
c:\peltzer\google3\apps\peltzer\client\unitynativepluginassimp\libassimp\libassimp\x64\debug\joinverticesprocess.obj
c:\peltzer\google3\apps\peltzer\client\unitynativepluginassimp\libassimp\libassimp\x64\debug\limitboneweightsprocess.obj
c:\peltzer\google3\apps\peltzer\client\unitynativepluginassimp\libassimp\libassimp\x64\debug\lwoanimation.obj
c:\peltzer\google3\apps\peltzer\client\unitynativepluginassimp\libassimp\libassimp\x64\debug\lwobloader.obj
c:\peltzer\google3\apps\peltzer\client\unitynativepluginassimp\libassimp\libassimp\x64\debug\lwoloader.obj
c:\peltzer\google3\apps\peltzer\client\unitynativepluginassimp\libassimp\libassimp\x64\debug\lwomaterial.obj
c:\peltzer\google3\apps\peltzer\client\unitynativepluginassimp\libassimp\libassimp\x64\debug\lwsloader.obj
c:\peltzer\google3\apps\peltzer\client\unitynativepluginassimp\libassimp\libassimp\x64\debug\makeverboseformat.obj
c:\peltzer\google3\apps\peltzer\client\unitynativepluginassimp\libassimp\libassimp\x64\debug\materialsystem.obj
c:\peltzer\google3\apps\peltzer\client\unitynativepluginassimp\libassimp\libassimp\x64\debug\md2loader.obj
c:\peltzer\google3\apps\peltzer\client\unitynativepluginassimp\libassimp\libassimp\x64\debug\md3loader.obj
c:\peltzer\google3\apps\peltzer\client\unitynativepluginassimp\libassimp\libassimp\x64\debug\md5loader.obj
c:\peltzer\google3\apps\peltzer\client\unitynativepluginassimp\libassimp\libassimp\x64\debug\md5parser.obj
c:\peltzer\google3\apps\peltzer\client\unitynativepluginassimp\libassimp\libassimp\x64\debug\fbxutil.obj
c:\peltzer\google3\apps\peltzer\client\unitynativepluginassimp\libassimp\libassimp\x64\debug\finddegenerates.obj
c:\peltzer\google3\apps\peltzer\client\unitynativepluginassimp\libassimp\libassimp\x64\debug\findinstancesprocess.obj
c:\peltzer\google3\apps\peltzer\client\unitynativepluginassimp\libassimp\libassimp\x64\debug\findinvaliddataprocess.obj
c:\peltzer\google3\apps\peltzer\client\unitynativepluginassimp\libassimp\libassimp\x64\debug\fireader.obj
c:\peltzer\google3\apps\peltzer\client\unitynativepluginassimp\libassimp\libassimp\x64\debug\fixnormalsstep.obj
c:\peltzer\google3\apps\peltzer\client\unitynativepluginassimp\libassimp\libassimp\x64\debug\genfacenormalsprocess.obj
c:\peltzer\google3\apps\peltzer\client\unitynativepluginassimp\libassimp\libassimp\x64\debug\genvertexnormalsprocess.obj
c:\peltzer\google3\apps\peltzer\client\unitynativepluginassimp\libassimp\libassimp\x64\debug\gltfexporter.obj
c:\peltzer\google3\apps\peltzer\client\unitynativepluginassimp\libassimp\libassimp\x64\debug\gltfimporter.obj
c:\peltzer\google3\apps\peltzer\client\unitynativepluginassimp\libassimp\libassimp\x64\debug\hmploader.obj
c:\peltzer\google3\apps\peltzer\client\unitynativepluginassimp\libassimp\libassimp\x64\debug\ifcboolean.obj
c:\peltzer\google3\apps\peltzer\client\unitynativepluginassimp\libassimp\libassimp\x64\debug\ifccurve.obj
c:\peltzer\google3\apps\peltzer\client\unitynativepluginassimp\libassimp\libassimp\x64\debug\ifcgeometry.obj
c:\peltzer\google3\apps\peltzer\client\unitynativepluginassimp\libassimp\libassimp\x64\debug\ifcloader.obj
c:\peltzer\google3\apps\peltzer\client\unitynativepluginassimp\libassimp\libassimp\x64\debug\ifcmaterial.obj
c:\peltzer\google3\apps\peltzer\client\unitynativepluginassimp\libassimp\libassimp\x64\debug\ifcopenings.obj
c:\peltzer\google3\apps\peltzer\client\unitynativepluginassimp\libassimp\libassimp\x64\debug\ifcprofile.obj
c:\peltzer\google3\apps\peltzer\client\unitynativepluginassimp\libassimp\libassimp\x64\debug\ifcreadergen1.obj
c:\peltzer\google3\apps\peltzer\client\unitynativepluginassimp\libassimp\libassimp\x64\debug\ifcreadergen2.obj
c:\peltzer\google3\apps\peltzer\client\unitynativepluginassimp\libassimp\libassimp\x64\debug\deboneprocess.obj
c:\peltzer\google3\apps\peltzer\client\unitynativepluginassimp\libassimp\libassimp\x64\debug\defaultiostream.obj
c:\peltzer\google3\apps\peltzer\client\unitynativepluginassimp\libassimp\libassimp\x64\debug\defaultiosystem.obj
c:\peltzer\google3\apps\peltzer\client\unitynativepluginassimp\libassimp\libassimp\x64\debug\defaultlogger.obj
c:\peltzer\google3\apps\peltzer\client\unitynativepluginassimp\libassimp\libassimp\x64\debug\dxfloader.obj
c:\peltzer\google3\apps\peltzer\client\unitynativepluginassimp\libassimp\libassimp\x64\debug\exporter.obj
c:\peltzer\google3\apps\peltzer\client\unitynativepluginassimp\libassimp\libassimp\x64\debug\fbxanimation.obj
c:\peltzer\google3\apps\peltzer\client\unitynativepluginassimp\libassimp\libassimp\x64\debug\fbxbinarytokenizer.obj
c:\peltzer\google3\apps\peltzer\client\unitynativepluginassimp\libassimp\libassimp\x64\debug\fbxconverter.obj
c:\peltzer\google3\apps\peltzer\client\unitynativepluginassimp\libassimp\libassimp\x64\debug\fbxdeformer.obj
c:\peltzer\google3\apps\peltzer\client\unitynativepluginassimp\libassimp\libassimp\x64\debug\fbxdocument.obj
c:\peltzer\google3\apps\peltzer\client\unitynativepluginassimp\libassimp\libassimp\x64\debug\fbxdocumentutil.obj
c:\peltzer\google3\apps\peltzer\client\unitynativepluginassimp\libassimp\libassimp\x64\debug\fbximporter.obj
c:\peltzer\google3\apps\peltzer\client\unitynativepluginassimp\libassimp\libassimp\x64\debug\fbxmaterial.obj
c:\peltzer\google3\apps\peltzer\client\unitynativepluginassimp\libassimp\libassimp\x64\debug\fbxmeshgeometry.obj
c:\peltzer\google3\apps\peltzer\client\unitynativepluginassimp\libassimp\libassimp\x64\debug\fbxmodel.obj
c:\peltzer\google3\apps\peltzer\client\unitynativepluginassimp\libassimp\libassimp\x64\debug\fbxnodeattribute.obj
c:\peltzer\google3\apps\peltzer\client\unitynativepluginassimp\libassimp\libassimp\x64\debug\fbxparser.obj
c:\peltzer\google3\apps\peltzer\client\unitynativepluginassimp\libassimp\libassimp\x64\debug\fbxproperties.obj
c:\peltzer\google3\apps\peltzer\client\unitynativepluginassimp\libassimp\libassimp\x64\debug\fbxtokenizer.obj
c:\peltzer\google3\apps\peltzer\client\unitynativepluginassimp\libassimp\libassimp\x64\debug\blenderbmesh.obj
c:\peltzer\google3\apps\peltzer\client\unitynativepluginassimp\libassimp\libassimp\x64\debug\blenderdna.obj
c:\peltzer\google3\apps\peltzer\client\unitynativepluginassimp\libassimp\libassimp\x64\debug\blenderloader.obj
c:\peltzer\google3\apps\peltzer\client\unitynativepluginassimp\libassimp\libassimp\x64\debug\blendermodifier.obj
c:\peltzer\google3\apps\peltzer\client\unitynativepluginassimp\libassimp\libassimp\x64\debug\blenderscene.obj
c:\peltzer\google3\apps\peltzer\client\unitynativepluginassimp\libassimp\libassimp\x64\debug\blendertessellator.obj
c:\peltzer\google3\apps\peltzer\client\unitynativepluginassimp\libassimp\libassimp\x64\debug\bvhloader.obj
c:\peltzer\google3\apps\peltzer\client\unitynativepluginassimp\libassimp\libassimp\x64\debug\c4dimporter.obj
c:\peltzer\google3\apps\peltzer\client\unitynativepluginassimp\libassimp\libassimp\x64\debug\calctangentsprocess.obj
c:\peltzer\google3\apps\peltzer\client\unitynativepluginassimp\libassimp\libassimp\x64\debug\cinterfaceiowrapper.obj
c:\peltzer\google3\apps\peltzer\client\unitynativepluginassimp\libassimp\libassimp\x64\debug\cobloader.obj
c:\peltzer\google3\apps\peltzer\client\unitynativepluginassimp\libassimp\libassimp\x64\debug\colladaexporter.obj
c:\peltzer\google3\apps\peltzer\client\unitynativepluginassimp\libassimp\libassimp\x64\debug\colladaloader.obj
c:\peltzer\google3\apps\peltzer\client\unitynativepluginassimp\libassimp\libassimp\x64\debug\colladaparser.obj
c:\peltzer\google3\apps\peltzer\client\unitynativepluginassimp\libassimp\libassimp\x64\debug\computeuvmappingprocess.obj
c:\peltzer\google3\apps\peltzer\client\unitynativepluginassimp\libassimp\libassimp\x64\debug\converttolhprocess.obj
c:\peltzer\google3\apps\peltzer\client\unitynativepluginassimp\libassimp\libassimp\x64\debug\createanimmesh.obj
c:\peltzer\google3\apps\peltzer\client\unitynativepluginassimp\libassimp\libassimp\x64\debug\csmloader.obj
c:\peltzer\google3\apps\peltzer\client\unitynativepluginassimp\libassimp\libassimp\x64\debug\d3mfimporter.obj
c:\peltzer\google3\apps\peltzer\client\unitynativepluginassimp\libassimp\libassimp\x64\debug\d3mfopcpackage.obj
c:\peltzer\google3\apps\peltzer\client\unitynativepluginassimp\libassimp\libassimp\x64\debug\3dsconverter.obj
c:\peltzer\google3\apps\peltzer\client\unitynativepluginassimp\libassimp\libassimp\x64\debug\3dsexporter.obj
c:\peltzer\google3\apps\peltzer\client\unitynativepluginassimp\libassimp\libassimp\x64\debug\3dsloader.obj
c:\peltzer\google3\apps\peltzer\client\unitynativepluginassimp\libassimp\libassimp\x64\debug\acloader.obj
c:\peltzer\google3\apps\peltzer\client\unitynativepluginassimp\libassimp\libassimp\x64\debug\amfimporter.obj
c:\peltzer\google3\apps\peltzer\client\unitynativepluginassimp\libassimp\libassimp\x64\debug\amfimporter_geometry.obj
c:\peltzer\google3\apps\peltzer\client\unitynativepluginassimp\libassimp\libassimp\x64\debug\amfimporter_material.obj
c:\peltzer\google3\apps\peltzer\client\unitynativepluginassimp\libassimp\libassimp\x64\debug\amfimporter_postprocess.obj
c:\peltzer\google3\apps\peltzer\client\unitynativepluginassimp\libassimp\libassimp\x64\debug\aseloader.obj
c:\peltzer\google3\apps\peltzer\client\unitynativepluginassimp\libassimp\libassimp\x64\debug\aseparser.obj
c:\peltzer\google3\apps\peltzer\client\unitynativepluginassimp\libassimp\libassimp\x64\debug\assbinexporter.obj
c:\peltzer\google3\apps\peltzer\client\unitynativepluginassimp\libassimp\libassimp\x64\debug\assbinloader.obj
c:\peltzer\google3\apps\peltzer\client\unitynativepluginassimp\libassimp\libassimp\x64\debug\assimp.obj
c:\peltzer\google3\apps\peltzer\client\unitynativepluginassimp\libassimp\libassimp\x64\debug\assimpcexport.obj
c:\peltzer\google3\apps\peltzer\client\unitynativepluginassimp\libassimp\libassimp\x64\debug\assxmlexporter.obj
c:\peltzer\google3\apps\peltzer\client\unitynativepluginassimp\libassimp\libassimp\x64\debug\b3dimporter.obj
c:\peltzer\google3\apps\peltzer\client\unitynativepluginassimp\libassimp\libassimp\x64\debug\baseimporter.obj
c:\peltzer\google3\apps\peltzer\client\unitynativepluginassimp\libassimp\libassimp\x64\debug\baseprocess.obj
c:\peltzer\google3\apps\peltzer\client\unitynativepluginassimp\libassimp\libassimp\x64\debug\bitmap.obj
c:\peltzer\google3\apps\peltzer\client\unitynativepluginassimp\libassimp\x64\debug\blocksexporter.pdb
c:\peltzer\google3\apps\peltzer\client\unitynativepluginassimp\libassimp\libassimp\x64\debug\blocksexporter.tlog\cl.command.1.tlog
c:\peltzer\google3\apps\peltzer\client\unitynativepluginassimp\libassimp\libassimp\x64\debug\blocksexporter.tlog\cl.read.1.tlog
c:\peltzer\google3\apps\peltzer\client\unitynativepluginassimp\libassimp\libassimp\x64\debug\blocksexporter.tlog\cl.write.1.tlog
c:\peltzer\google3\apps\peltzer\client\unitynativepluginassimp\libassimp\libassimp\x64\debug\blocksexporter.tlog\link-cvtres.read.1.tlog
c:\peltzer\google3\apps\peltzer\client\unitynativepluginassimp\libassimp\libassimp\x64\debug\blocksexporter.tlog\link-cvtres.write.1.tlog
c:\peltzer\google3\apps\peltzer\client\unitynativepluginassimp\libassimp\libassimp\x64\debug\blocksexporter.tlog\link-rc.read.1.tlog
c:\peltzer\google3\apps\peltzer\client\unitynativepluginassimp\libassimp\libassimp\x64\debug\blocksexporter.tlog\link-rc.write.1.tlog
c:\peltzer\google3\apps\peltzer\client\unitynativepluginassimp\libassimp\libassimp\x64\debug\blocksexporter.tlog\link.command.1.tlog
c:\peltzer\google3\apps\peltzer\client\unitynativepluginassimp\libassimp\libassimp\x64\debug\blocksexporter.tlog\link.read.1.tlog
c:\peltzer\google3\apps\peltzer\client\unitynativepluginassimp\libassimp\libassimp\x64\debug\blocksexporter.tlog\link.write.1.tlog
